This file contains any messages produced by compilers while
running configure, to aid debugging if configure makes a mistake.

It was created by ple configure 1.0.4, which was
generated by GNU Autoconf 2.63.  Invocation command line was

  $ ./configure --enable-static CC=mpicc --prefix=/gpfs/scratch/bsc21/bsc21704/z2017_2/REPOSITORY/ALYAs/ALYA_2017SEP18_MN/Thirdparties/PLEPP/LIBPLE/Execs

## --------- ##
## Platform. ##
## --------- ##

hostname = login1
uname -m = x86_64
uname -r = 4.4.59-92.20-default
uname -s = Linux
uname -v = #1 SMP Wed May 31 14:05:24 UTC 2017 (8cd473d)

/usr/bin/uname -p = x86_64
/bin/uname -X     = unknown

/bin/arch              = x86_64
/usr/bin/arch -k       = unknown
/usr/convex/getsysinfo = unknown
/usr/bin/hostinfo      = unknown
/bin/machine           = unknown
/usr/bin/oslevel       = unknown
/bin/universe          = unknown

PATH: /usr/mpi/gcc/openmpi-1.10.4-hfi/bin
PATH: /apps/GCC/4.9.4/bin
PATH: /home/bsc21/bsc21704/z2017/REPOSITORY/LIGGGHTS/LPP_2017MAY02/Execs
PATH: /home/bsc21/bsc21704/z2017/REPOSITORY/LIGGGHTS/LPP_2017MAY02/Execs
PATH: /home/bsc21/bsc21704/bin
PATH: /usr/local/bin
PATH: /usr/bin
PATH: /bin
PATH: /usr/games
PATH: /usr/lpp/mmfs/bin
PATH: /home/bsc21/bsc21704/z2016/REPOSITORY/TOOLs
PATH: /home/bsc21/bsc21704/z2016/REPOSITORY/LIGGGHTS/LIGGGHTS_2016FEB05/src
PATH: /home/bsc21/bsc21704/z2016/REPOSITORY/TOOLs
PATH: /home/bsc21/bsc21704/z2016/REPOSITORY/LIGGGHTS/LIGGGHTS_2016FEB05/src
PATH: /home/bsc21/bsc21704/bin


## ----------- ##
## Core tests. ##
## ----------- ##

configure:1988: checking build system type
configure:2006: result: x86_64-unknown-linux-gnu
configure:2028: checking host system type
configure:2043: result: x86_64-unknown-linux-gnu
configure:2065: checking target system type
configure:2080: result: x86_64-unknown-linux-gnu
configure:2127: checking for a BSD-compatible install
configure:2195: result: /usr/bin/install -c
configure:2206: checking whether build environment is sane
configure:2271: result: yes
configure:2422: checking for a thread-safe mkdir -p
configure:2461: result: /usr/bin/mkdir -p
configure:2468: checking for gawk
configure:2484: found /usr/bin/gawk
configure:2495: result: gawk
configure:2506: checking whether make sets $(MAKE)
configure:2528: result: yes
configure:2644: initializing ple_config.h
configure:2701: checking whether to enable maintainer-specific portions of Makefiles
configure:2710: result: no
configure:2738: checking whether make supports nested variables
configure:2755: result: yes
configure:2876: checking for gcc
configure:2903: result: mpicc
configure:3135: checking for C compiler version
configure:3143: mpicc --version >&5
gcc (GCC) 4.9.4
Copyright (C) 2015 Free Software Foundation, Inc.
This is free software; see the source for copying conditions.  There is NO
warranty; not even for MERCHANTABILITY or FITNESS FOR A PARTICULAR PURPOSE.

configure:3147: $? = 0
configure:3154: mpicc -v >&5
Using built-in specs.
COLLECT_GCC=/apps/GCC/4.9.4/bin/gcc
COLLECT_LTO_WRAPPER=/gpfs/apps/MN4/GCC/4.9.4/bin/../libexec/gcc/x86_64-unknown-linux-gnu/4.9.4/lto-wrapper
Target: x86_64-unknown-linux-gnu
Configured with: ../configure --prefix=/apps/GCC/4.9.4_new/ --disable-multilib --enable-languages=c,c++,objc,fortran,obj-c++
Thread model: posix
gcc version 4.9.4 (GCC) 
configure:3158: $? = 0
configure:3165: mpicc -V >&5
gcc: error: unrecognized command line option '-V'
gcc: fatal error: no input files
compilation terminated.
configure:3169: $? = 1
configure:3192: checking for C compiler default output file name
configure:3214: mpicc    conftest.c  >&5
configure:3218: $? = 0
configure:3256: result: a.out
configure:3275: checking whether the C compiler works
configure:3285: ./a.out
configure:3289: $? = 0
configure:3308: result: yes
configure:3315: checking whether we are cross compiling
configure:3317: result: no
configure:3320: checking for suffix of executables
configure:3327: mpicc -o conftest    conftest.c  >&5
configure:3331: $? = 0
configure:3357: result: 
configure:3363: checking for suffix of object files
configure:3389: mpicc -c   conftest.c >&5
configure:3393: $? = 0
configure:3418: result: o
configure:3422: checking whether we are using the GNU C compiler
configure:3451: mpicc -c   conftest.c >&5
configure:3458: $? = 0
configure:3475: result: yes
configure:3484: checking whether mpicc accepts -g
configure:3514: mpicc -c -g  conftest.c >&5
configure:3521: $? = 0
configure:3622: result: yes
configure:3639: checking for mpicc option to accept ISO C89
configure:3713: mpicc  -c   conftest.c >&5
configure:3720: $? = 0
configure:3743: result: none needed
configure:3772: checking for style of include used by make
configure:3800: result: GNU
configure:3826: checking dependency style of mpicc
configure:3937: result: gcc3
configure:3966: checking for a BSD-compatible install
configure:4034: result: /usr/bin/install -c
configure:4045: checking whether ln -s works
configure:4049: result: yes
configure:4058: checking whether mpicc and cc understand -c and -o together
configure:4093: mpicc -c conftest.c -o conftest2.o >&5
configure:4097: $? = 0
configure:4103: mpicc -c conftest.c -o conftest2.o >&5
configure:4107: $? = 0
configure:4118: cc -c conftest.c >&5
configure:4122: $? = 0
configure:4130: cc -c conftest.c -o conftest2.o >&5
configure:4134: $? = 0
configure:4140: cc -c conftest.c -o conftest2.o >&5
configure:4144: $? = 0
configure:4162: result: yes
configure:4242: checking for ar
configure:4258: found /usr/bin/ar
configure:4269: result: ar
configure:4295: checking the archiver (ar) interface
configure:4315: mpicc -c   conftest.c >&5
configure:4322: $? = 0
configure:4328: ar cru libconftest.a conftest.o >&5
configure:4331: $? = 0
configure:4360: result: ar
configure:4457: sourcing config/ple_auto_flags.sh (test for known compilers)
configure:4563: checking how to print strings
configure:4590: result: printf
configure:4611: checking for a sed that does not truncate output
configure:4677: result: /usr/bin/sed
configure:4695: checking for grep that handles long lines and -e
configure:4755: result: /usr/bin/grep
configure:4760: checking for egrep
configure:4824: result: /usr/bin/grep -E
configure:4829: checking for fgrep
configure:4893: result: /usr/bin/grep -F
configure:4928: checking for ld used by mpicc
configure:4995: result: /usr/bin/ld
configure:5004: checking if the linker (/usr/bin/ld) is GNU ld
configure:5019: result: yes
configure:5031: checking for BSD- or MS-compatible name lister (nm)
configure:5080: result: /usr/bin/nm -B
configure:5210: checking the name lister (/usr/bin/nm -B) interface
configure:5217: mpicc -c -std=c99 -funsigned-char -pedantic -W -Wall -Wshadow -Wpointer-arith -Wcast-qual -Wcast-align -Wwrite-strings -Wstrict-prototypes -Wmissing-prototypes -Wmissing-declarations -Wnested-externs -Wunused -Wfloat-equal    -DNDEBUG conftest.c >&5
configure:5220: /usr/bin/nm -B "conftest.o"
configure:5223: output
0000000000000000 B some_variable
configure:5230: result: BSD nm
configure:5234: checking the maximum length of command line arguments
configure:5364: result: 3458764513820540925
configure:5381: checking whether the shell understands some XSI constructs
configure:5391: result: yes
configure:5395: checking whether the shell understands "+="
configure:5401: result: yes
configure:5436: checking how to convert x86_64-unknown-linux-gnu file names to x86_64-unknown-linux-gnu format
configure:5476: result: func_convert_file_noop
configure:5483: checking how to convert x86_64-unknown-linux-gnu file names to toolchain format
configure:5503: result: func_convert_file_noop
configure:5510: checking for /usr/bin/ld option to reload object files
configure:5517: result: -r
configure:5591: checking for objdump
configure:5607: found /usr/bin/objdump
configure:5618: result: objdump
configure:5647: checking how to recognize dependent libraries
configure:5849: result: pass_all
configure:5934: checking for dlltool
configure:5964: result: no
configure:5991: checking how to associate runtime and link libraries
configure:6018: result: printf %s\n
configure:6142: checking for archiver @FILE support
configure:6169: mpicc -c -std=c99 -funsigned-char -pedantic -W -Wall -Wshadow -Wpointer-arith -Wcast-qual -Wcast-align -Wwrite-strings -Wstrict-prototypes -Wmissing-prototypes -Wmissing-declarations -Wnested-externs -Wunused -Wfloat-equal    -DNDEBUG conftest.c >&5
conftest.c:12:1: warning: function declaration isn't a prototype [-Wstrict-prototypes]
 main ()
 ^
configure:6176: $? = 0
configure:6183: ar cru libconftest.a @conftest.lst >&5
configure:6186: $? = 0
configure:6191: ar cru libconftest.a @conftest.lst >&5
ar: conftest.o: No such file or directory
configure:6194: $? = 1
configure:6212: result: @
configure:6270: checking for strip
configure:6286: found /usr/bin/strip
configure:6297: result: strip
configure:6369: checking for ranlib
configure:6385: found /usr/bin/ranlib
configure:6396: result: ranlib
configure:6498: checking command to parse /usr/bin/nm -B output from mpicc object
configure:6618: mpicc -c -std=c99 -funsigned-char -pedantic -W -Wall -Wshadow -Wpointer-arith -Wcast-qual -Wcast-align -Wwrite-strings -Wstrict-prototypes -Wmissing-prototypes -Wmissing-declarations -Wnested-externs -Wunused -Wfloat-equal    -DNDEBUG conftest.c >&5
conftest.c:10:5: warning: function declaration isn't a prototype [-Wstrict-prototypes]
 int main(){nm_test_var='a';nm_test_func();return(0);}
     ^
configure:6621: $? = 0
configure:6625: /usr/bin/nm -B conftest.o \| sed -n -e 's/^.*[ ]\([ABCDGIRSTW][ABCDGIRSTW]*\)[ ][ ]*\([_A-Za-z][_A-Za-z0-9]*\)$/\1 \2 \2/p' | sed '/ __gnu_lto/d' \> conftest.nm
configure:6628: $? = 0
configure:6694: mpicc -o conftest -std=c99 -funsigned-char -pedantic -W -Wall -Wshadow -Wpointer-arith -Wcast-qual -Wcast-align -Wwrite-strings -Wstrict-prototypes -Wmissing-prototypes -Wmissing-declarations -Wnested-externs -Wunused -Wfloat-equal    -DNDEBUG   -O conftest.c conftstm.o >&5
conftest.c:18:1: warning: function declaration isn't a prototype [-Wstrict-prototypes]
 extern int nm_test_func();
 ^
conftest.c:29:20: warning: ISO C forbids conversion of function pointer to object pointer type [-Wpedantic]
   {"nm_test_func", (void *) &nm_test_func},
                    ^
configure:6697: $? = 0
configure:6735: result: ok
configure:6772: checking for sysroot
configure:6804: result: no
configure:6881: mpicc -c -std=c99 -funsigned-char -pedantic -W -Wall -Wshadow -Wpointer-arith -Wcast-qual -Wcast-align -Wwrite-strings -Wstrict-prototypes -Wmissing-prototypes -Wmissing-declarations -Wnested-externs -Wunused -Wfloat-equal    -DNDEBUG conftest.c >&5
configure:6884: $? = 0
configure:7089: checking for mt
configure:7105: found /usr/bin/mt
configure:7116: result: mt
configure:7139: checking if mt is a manifest tool
configure:7145: mt '-?'
configure:7153: result: no
configure:7824: checking how to run the C preprocessor
configure:7864: mpicc -E   -DNDEBUG conftest.c
configure:7871: $? = 0
configure:7902: mpicc -E   -DNDEBUG conftest.c
conftest.c:10:28: fatal error: ac_nonexistent.h: No such file or directory
 #include <ac_nonexistent.h>
                            ^
compilation terminated.
configure:7909: $? = 1
configure: failed program was:
| /* confdefs.h.  */
| #define PACKAGE_NAME "ple"
| #define PACKAGE_TARNAME "ple"
| #define PACKAGE_VERSION "1.0.4"
| #define PACKAGE_STRING "ple 1.0.4"
| #define PACKAGE_BUGREPORT "yvan.fournier@edf.fr"
| #define PACKAGE "ple"
| #define VERSION "1.0.4"
| /* end confdefs.h.  */
| #include <ac_nonexistent.h>
configure:7942: result: mpicc -E
configure:7971: mpicc -E   -DNDEBUG conftest.c
configure:7978: $? = 0
configure:8009: mpicc -E   -DNDEBUG conftest.c
conftest.c:10:28: fatal error: ac_nonexistent.h: No such file or directory
 #include <ac_nonexistent.h>
                            ^
compilation terminated.
configure:8016: $? = 1
configure: failed program was:
| /* confdefs.h.  */
| #define PACKAGE_NAME "ple"
| #define PACKAGE_TARNAME "ple"
| #define PACKAGE_VERSION "1.0.4"
| #define PACKAGE_STRING "ple 1.0.4"
| #define PACKAGE_BUGREPORT "yvan.fournier@edf.fr"
| #define PACKAGE "ple"
| #define VERSION "1.0.4"
| /* end confdefs.h.  */
| #include <ac_nonexistent.h>
configure:8056: checking for ANSI C header files
configure:8086: mpicc -c -std=c99 -funsigned-char -pedantic -W -Wall -Wshadow -Wpointer-arith -Wcast-qual -Wcast-align -Wwrite-strings -Wstrict-prototypes -Wmissing-prototypes -Wmissing-declarations -Wnested-externs -Wunused -Wfloat-equal    -DNDEBUG conftest.c >&5
conftest.c:16:1: warning: function declaration isn't a prototype [-Wstrict-prototypes]
 main ()
 ^
configure:8093: $? = 0
configure:8192: mpicc -o conftest -std=c99 -funsigned-char -pedantic -W -Wall -Wshadow -Wpointer-arith -Wcast-qual -Wcast-align -Wwrite-strings -Wstrict-prototypes -Wmissing-prototypes -Wmissing-declarations -Wnested-externs -Wunused -Wfloat-equal    -DNDEBUG   -O conftest.c   -lm >&5
conftest.c:22:1: warning: function declaration isn't a prototype [-Wstrict-prototypes]
 main ()
 ^
configure:8196: $? = 0
configure:8202: ./conftest
configure:8206: $? = 0
configure:8224: result: yes
configure:8248: checking for sys/types.h
configure:8269: mpicc -c -std=c99 -funsigned-char -pedantic -W -Wall -Wshadow -Wpointer-arith -Wcast-qual -Wcast-align -Wwrite-strings -Wstrict-prototypes -Wmissing-prototypes -Wmissing-declarations -Wnested-externs -Wunused -Wfloat-equal    -DNDEBUG conftest.c >&5
configure:8276: $? = 0
configure:8293: result: yes
configure:8248: checking for sys/stat.h
configure:8269: mpicc -c -std=c99 -funsigned-char -pedantic -W -Wall -Wshadow -Wpointer-arith -Wcast-qual -Wcast-align -Wwrite-strings -Wstrict-prototypes -Wmissing-prototypes -Wmissing-declarations -Wnested-externs -Wunused -Wfloat-equal    -DNDEBUG conftest.c >&5
configure:8276: $? = 0
configure:8293: result: yes
configure:8248: checking for stdlib.h
configure:8269: mpicc -c -std=c99 -funsigned-char -pedantic -W -Wall -Wshadow -Wpointer-arith -Wcast-qual -Wcast-align -Wwrite-strings -Wstrict-prototypes -Wmissing-prototypes -Wmissing-declarations -Wnested-externs -Wunused -Wfloat-equal    -DNDEBUG conftest.c >&5
configure:8276: $? = 0
configure:8293: result: yes
configure:8248: checking for string.h
configure:8269: mpicc -c -std=c99 -funsigned-char -pedantic -W -Wall -Wshadow -Wpointer-arith -Wcast-qual -Wcast-align -Wwrite-strings -Wstrict-prototypes -Wmissing-prototypes -Wmissing-declarations -Wnested-externs -Wunused -Wfloat-equal    -DNDEBUG conftest.c >&5
configure:8276: $? = 0
configure:8293: result: yes
configure:8248: checking for memory.h
configure:8269: mpicc -c -std=c99 -funsigned-char -pedantic -W -Wall -Wshadow -Wpointer-arith -Wcast-qual -Wcast-align -Wwrite-strings -Wstrict-prototypes -Wmissing-prototypes -Wmissing-declarations -Wnested-externs -Wunused -Wfloat-equal    -DNDEBUG conftest.c >&5
configure:8276: $? = 0
configure:8293: result: yes
configure:8248: checking for strings.h
configure:8269: mpicc -c -std=c99 -funsigned-char -pedantic -W -Wall -Wshadow -Wpointer-arith -Wcast-qual -Wcast-align -Wwrite-strings -Wstrict-prototypes -Wmissing-prototypes -Wmissing-declarations -Wnested-externs -Wunused -Wfloat-equal    -DNDEBUG conftest.c >&5
configure:8276: $? = 0
configure:8293: result: yes
configure:8248: checking for inttypes.h
configure:8269: mpicc -c -std=c99 -funsigned-char -pedantic -W -Wall -Wshadow -Wpointer-arith -Wcast-qual -Wcast-align -Wwrite-strings -Wstrict-prototypes -Wmissing-prototypes -Wmissing-declarations -Wnested-externs -Wunused -Wfloat-equal    -DNDEBUG conftest.c >&5
configure:8276: $? = 0
configure:8293: result: yes
configure:8248: checking for stdint.h
configure:8269: mpicc -c -std=c99 -funsigned-char -pedantic -W -Wall -Wshadow -Wpointer-arith -Wcast-qual -Wcast-align -Wwrite-strings -Wstrict-prototypes -Wmissing-prototypes -Wmissing-declarations -Wnested-externs -Wunused -Wfloat-equal    -DNDEBUG conftest.c >&5
configure:8276: $? = 0
configure:8293: result: yes
configure:8248: checking for unistd.h
configure:8269: mpicc -c -std=c99 -funsigned-char -pedantic -W -Wall -Wshadow -Wpointer-arith -Wcast-qual -Wcast-align -Wwrite-strings -Wstrict-prototypes -Wmissing-prototypes -Wmissing-declarations -Wnested-externs -Wunused -Wfloat-equal    -DNDEBUG conftest.c >&5
configure:8276: $? = 0
configure:8293: result: yes
configure:8311: checking for dlfcn.h
configure:8332: mpicc -c -std=c99 -funsigned-char -pedantic -W -Wall -Wshadow -Wpointer-arith -Wcast-qual -Wcast-align -Wwrite-strings -Wstrict-prototypes -Wmissing-prototypes -Wmissing-declarations -Wnested-externs -Wunused -Wfloat-equal    -DNDEBUG conftest.c >&5
configure:8339: $? = 0
configure:8356: result: yes
configure:8862: checking for objdir
configure:8877: result: .libs
configure:9148: checking if mpicc supports -fno-rtti -fno-exceptions
configure:9166: mpicc -c -std=c99 -funsigned-char -pedantic -W -Wall -Wshadow -Wpointer-arith -Wcast-qual -Wcast-align -Wwrite-strings -Wstrict-prototypes -Wmissing-prototypes -Wmissing-declarations -Wnested-externs -Wunused -Wfloat-equal    -DNDEBUG -fno-rtti -fno-exceptions conftest.c >&5
cc1: warning: command line option '-fno-rtti' is valid for C++/ObjC++ but not for C
configure:9170: $? = 0
configure:9183: result: no
configure:9510: checking for mpicc option to produce PIC
configure:9517: result: -fPIC -DPIC
configure:9525: checking if mpicc PIC flag -fPIC -DPIC works
configure:9543: mpicc -c -std=c99 -funsigned-char -pedantic -W -Wall -Wshadow -Wpointer-arith -Wcast-qual -Wcast-align -Wwrite-strings -Wstrict-prototypes -Wmissing-prototypes -Wmissing-declarations -Wnested-externs -Wunused -Wfloat-equal    -DNDEBUG -fPIC -DPIC -DPIC conftest.c >&5
configure:9547: $? = 0
configure:9560: result: yes
configure:9589: checking if mpicc static flag -static works
configure:9617: result: no
configure:9632: checking if mpicc supports -c -o file.o
configure:9653: mpicc -c -std=c99 -funsigned-char -pedantic -W -Wall -Wshadow -Wpointer-arith -Wcast-qual -Wcast-align -Wwrite-strings -Wstrict-prototypes -Wmissing-prototypes -Wmissing-declarations -Wnested-externs -Wunused -Wfloat-equal    -DNDEBUG -o out/conftest2.o conftest.c >&5
configure:9657: $? = 0
configure:9679: result: yes
configure:9687: checking if mpicc supports -c -o file.o
configure:9734: result: yes
configure:9767: checking whether the mpicc linker (/usr/bin/ld -m elf_x86_64) supports shared libraries
configure:11011: result: yes
configure:11048: checking whether -lc should be explicitly linked in
configure:11056: mpicc -c -std=c99 -funsigned-char -pedantic -W -Wall -Wshadow -Wpointer-arith -Wcast-qual -Wcast-align -Wwrite-strings -Wstrict-prototypes -Wmissing-prototypes -Wmissing-declarations -Wnested-externs -Wunused -Wfloat-equal    -DNDEBUG conftest.c >&5
configure:11059: $? = 0
configure:11074: mpicc -shared  -fPIC -DPIC conftest.o  -v -Wl,-soname -Wl,conftest -o conftest 2\>\&1 \| /usr/bin/grep  -lc  \>/dev/null 2\>\&1
configure:11077: $? = 0
configure:11091: result: no
configure:11251: checking dynamic linker characteristics
configure:11772: mpicc -o conftest -std=c99 -funsigned-char -pedantic -W -Wall -Wshadow -Wpointer-arith -Wcast-qual -Wcast-align -Wwrite-strings -Wstrict-prototypes -Wmissing-prototypes -Wmissing-declarations -Wnested-externs -Wunused -Wfloat-equal    -DNDEBUG   -O -Wl,-rpath -Wl,/foo conftest.c   -lm >&5
conftest.c:24:1: warning: function declaration isn't a prototype [-Wstrict-prototypes]
 main ()
 ^
configure:11779: $? = 0
configure:12016: result: GNU/Linux ld.so
configure:12123: checking how to hardcode library paths into programs
configure:12148: result: immediate
configure:13001: checking whether stripping libraries is possible
configure:13006: result: yes
configure:13041: checking if libtool supports shared libraries
configure:13043: result: yes
configure:13046: checking whether to build shared libraries
configure:13067: result: yes
configure:13070: checking whether to build static libraries
configure:13074: result: yes
configure:13120: checking for ANSI C header files
configure:13288: result: yes
configure:13304: checking for sys/types.h
configure:13311: result: yes
configure:13315: checking stddef.h usability
configure:13332: mpicc -c -std=c99 -funsigned-char -pedantic -W -Wall -Wshadow -Wpointer-arith -Wcast-qual -Wcast-align -Wwrite-strings -Wstrict-prototypes -Wmissing-prototypes -Wmissing-declarations -Wnested-externs -Wunused -Wfloat-equal    -DNDEBUG conftest.c >&5
configure:13339: $? = 0
configure:13353: result: yes
configure:13357: checking stddef.h presence
configure:13372: mpicc -E   -DNDEBUG conftest.c
configure:13379: $? = 0
configure:13393: result: yes
configure:13426: checking for stddef.h
configure:13435: result: yes
configure:13455: checking for an ANSI C-conforming const
configure:13530: mpicc -c -std=c99 -funsigned-char -pedantic -W -Wall -Wshadow -Wpointer-arith -Wcast-qual -Wcast-align -Wwrite-strings -Wstrict-prototypes -Wmissing-prototypes -Wmissing-declarations -Wnested-externs -Wunused -Wfloat-equal    -DNDEBUG conftest.c >&5
conftest.c:27:1: warning: function declaration isn't a prototype [-Wstrict-prototypes]
 main ()
 ^
conftest.c: In function 'main':
conftest.c:48:9: warning: cast discards 'const' qualifier from pointer target type [-Wcast-qual]
   ppc = (char**) pcpcc;
         ^
conftest.c:54:7: warning: 't' is used uninitialized in this function [-Wuninitialized]
     *t++ = 0;
       ^
conftest.c:70:23: warning: 'b' may be used uninitialized in this function [-Wmaybe-uninitialized]
     struct s *b; b->j = 5;
                       ^
configure:13537: $? = 0
configure:13552: result: yes
configure:13562: checking for inline
configure:13588: mpicc -c -std=c99 -funsigned-char -pedantic -W -Wall -Wshadow -Wpointer-arith -Wcast-qual -Wcast-align -Wwrite-strings -Wstrict-prototypes -Wmissing-prototypes -Wmissing-declarations -Wnested-externs -Wunused -Wfloat-equal    -DNDEBUG conftest.c >&5
conftest.c:27:21: warning: function declaration isn't a prototype [-Wstrict-prototypes]
 static inline foo_t static_foo () {return 0; }
                     ^
conftest.c:28:14: warning: function declaration isn't a prototype [-Wstrict-prototypes]
 inline foo_t foo () {return 0; }
              ^
configure:13595: $? = 0
configure:13613: result: inline
configure:13632: checking for size_t
configure:13660: mpicc -c -std=c99 -funsigned-char -pedantic -W -Wall -Wshadow -Wpointer-arith -Wcast-qual -Wcast-align -Wwrite-strings -Wstrict-prototypes -Wmissing-prototypes -Wmissing-declarations -Wnested-externs -Wunused -Wfloat-equal    -DNDEBUG conftest.c >&5
conftest.c:59:1: warning: function declaration isn't a prototype [-Wstrict-prototypes]
 main ()
 ^
configure:13667: $? = 0
configure:13694: mpicc -c -std=c99 -funsigned-char -pedantic -W -Wall -Wshadow -Wpointer-arith -Wcast-qual -Wcast-align -Wwrite-strings -Wstrict-prototypes -Wmissing-prototypes -Wmissing-declarations -Wnested-externs -Wunused -Wfloat-equal    -DNDEBUG conftest.c >&5
conftest.c:59:1: warning: function declaration isn't a prototype [-Wstrict-prototypes]
 main ()
 ^
conftest.c: In function 'main':
conftest.c:61:21: error: expected expression before ')' token
 if (sizeof ((size_t)))
                     ^
configure:13701: $? = 1
configure: failed program was:
| /* confdefs.h.  */
| #define PACKAGE_NAME "ple"
| #define PACKAGE_TARNAME "ple"
| #define PACKAGE_VERSION "1.0.4"
| #define PACKAGE_STRING "ple 1.0.4"
| #define PACKAGE_BUGREPORT "yvan.fournier@edf.fr"
| #define PACKAGE "ple"
| #define VERSION "1.0.4"
| #define STDC_HEADERS 1
| #define HAVE_SYS_TYPES_H 1
| #define HAVE_SYS_STAT_H 1
| #define HAVE_STDLIB_H 1
| #define HAVE_STRING_H 1
| #define HAVE_MEMORY_H 1
| #define HAVE_STRINGS_H 1
| #define HAVE_INTTYPES_H 1
| #define HAVE_STDINT_H 1
| #define HAVE_UNISTD_H 1
| #define HAVE_DLFCN_H 1
| #define LT_OBJDIR ".libs/"
| #define STDC_HEADERS 1
| #define HAVE_SYS_TYPES_H 1
| #define HAVE_STDDEF_H 1
| /* end confdefs.h.  */
| #include <stdio.h>
| #ifdef HAVE_SYS_TYPES_H
| # include <sys/types.h>
| #endif
| #ifdef HAVE_SYS_STAT_H
| # include <sys/stat.h>
| #endif
| #ifdef STDC_HEADERS
| # include <stdlib.h>
| # include <stddef.h>
| #else
| # ifdef HAVE_STDLIB_H
| #  include <stdlib.h>
| # endif
| #endif
| #ifdef HAVE_STRING_H
| # if !defined STDC_HEADERS && defined HAVE_MEMORY_H
| #  include <memory.h>
| # endif
| # include <string.h>
| #endif
| #ifdef HAVE_STRINGS_H
| # include <strings.h>
| #endif
| #ifdef HAVE_INTTYPES_H
| # include <inttypes.h>
| #endif
| #ifdef HAVE_STDINT_H
| # include <stdint.h>
| #endif
| #ifdef HAVE_UNISTD_H
| # include <unistd.h>
| #endif
| int
| main ()
| {
| if (sizeof ((size_t)))
| 	  return 0;
|   ;
|   return 0;
| }
configure:13724: result: yes
configure:13736: checking for pid_t
configure:13764: mpicc -c -std=c99 -funsigned-char -pedantic -W -Wall -Wshadow -Wpointer-arith -Wcast-qual -Wcast-align -Wwrite-strings -Wstrict-prototypes -Wmissing-prototypes -Wmissing-declarations -Wnested-externs -Wunused -Wfloat-equal    -DNDEBUG conftest.c >&5
conftest.c:59:1: warning: function declaration isn't a prototype [-Wstrict-prototypes]
 main ()
 ^
configure:13771: $? = 0
configure:13798: mpicc -c -std=c99 -funsigned-char -pedantic -W -Wall -Wshadow -Wpointer-arith -Wcast-qual -Wcast-align -Wwrite-strings -Wstrict-prototypes -Wmissing-prototypes -Wmissing-declarations -Wnested-externs -Wunused -Wfloat-equal    -DNDEBUG conftest.c >&5
conftest.c:59:1: warning: function declaration isn't a prototype [-Wstrict-prototypes]
 main ()
 ^
conftest.c: In function 'main':
conftest.c:61:20: error: expected expression before ')' token
 if (sizeof ((pid_t)))
                    ^
configure:13805: $? = 1
configure: failed program was:
| /* confdefs.h.  */
| #define PACKAGE_NAME "ple"
| #define PACKAGE_TARNAME "ple"
| #define PACKAGE_VERSION "1.0.4"
| #define PACKAGE_STRING "ple 1.0.4"
| #define PACKAGE_BUGREPORT "yvan.fournier@edf.fr"
| #define PACKAGE "ple"
| #define VERSION "1.0.4"
| #define STDC_HEADERS 1
| #define HAVE_SYS_TYPES_H 1
| #define HAVE_SYS_STAT_H 1
| #define HAVE_STDLIB_H 1
| #define HAVE_STRING_H 1
| #define HAVE_MEMORY_H 1
| #define HAVE_STRINGS_H 1
| #define HAVE_INTTYPES_H 1
| #define HAVE_STDINT_H 1
| #define HAVE_UNISTD_H 1
| #define HAVE_DLFCN_H 1
| #define LT_OBJDIR ".libs/"
| #define STDC_HEADERS 1
| #define HAVE_SYS_TYPES_H 1
| #define HAVE_STDDEF_H 1
| /* end confdefs.h.  */
| #include <stdio.h>
| #ifdef HAVE_SYS_TYPES_H
| # include <sys/types.h>
| #endif
| #ifdef HAVE_SYS_STAT_H
| # include <sys/stat.h>
| #endif
| #ifdef STDC_HEADERS
| # include <stdlib.h>
| # include <stddef.h>
| #else
| # ifdef HAVE_STDLIB_H
| #  include <stdlib.h>
| # endif
| #endif
| #ifdef HAVE_STRING_H
| # if !defined STDC_HEADERS && defined HAVE_MEMORY_H
| #  include <memory.h>
| # endif
| # include <string.h>
| #endif
| #ifdef HAVE_STRINGS_H
| # include <strings.h>
| #endif
| #ifdef HAVE_INTTYPES_H
| # include <inttypes.h>
| #endif
| #ifdef HAVE_STDINT_H
| # include <stdint.h>
| #endif
| #ifdef HAVE_UNISTD_H
| # include <unistd.h>
| #endif
| int
| main ()
| {
| if (sizeof ((pid_t)))
| 	  return 0;
|   ;
|   return 0;
| }
configure:13828: result: yes
configure:13840: checking whether time.h and sys/time.h may both be included
configure:13870: mpicc -c -std=c99 -funsigned-char -pedantic -W -Wall -Wshadow -Wpointer-arith -Wcast-qual -Wcast-align -Wwrite-strings -Wstrict-prototypes -Wmissing-prototypes -Wmissing-declarations -Wnested-externs -Wunused -Wfloat-equal    -DNDEBUG conftest.c >&5
conftest.c:30:1: warning: function declaration isn't a prototype [-Wstrict-prototypes]
 main ()
 ^
configure:13877: $? = 0
configure:13892: result: yes
configure:13902: checking for stdbool.h that conforms to C99
configure:13997: mpicc -c -std=c99 -funsigned-char -pedantic -W -Wall -Wshadow -Wpointer-arith -Wcast-qual -Wcast-align -Wwrite-strings -Wstrict-prototypes -Wmissing-prototypes -Wmissing-declarations -Wnested-externs -Wunused -Wfloat-equal    -DNDEBUG conftest.c >&5
conftest.c:53:2: warning: the address of 's' will always evaluate as 'true' [-Waddress]
  bool e = &s;
  ^
conftest.c:91:1: warning: function declaration isn't a prototype [-Wstrict-prototypes]
 main ()
 ^
conftest.c: In function 'main':
conftest.c:97:10: warning: the address of 'a' will always evaluate as 'true' [-Waddress]
  return (!a + !b + !c + !d + !e + !f + !g + !h + !i + !!j + !k + !!l
          ^
conftest.c:97:15: warning: the address of 'b' will always evaluate as 'true' [-Waddress]
  return (!a + !b + !c + !d + !e + !f + !g + !h + !i + !!j + !k + !!l
               ^
conftest.c:97:20: warning: the address of 'c' will always evaluate as 'true' [-Waddress]
  return (!a + !b + !c + !d + !e + !f + !g + !h + !i + !!j + !k + !!l
                    ^
conftest.c:97:25: warning: the address of 'd' will always evaluate as 'true' [-Waddress]
  return (!a + !b + !c + !d + !e + !f + !g + !h + !i + !!j + !k + !!l
                         ^
conftest.c:97:35: warning: the address of 'f' will always evaluate as 'true' [-Waddress]
  return (!a + !b + !c + !d + !e + !f + !g + !h + !i + !!j + !k + !!l
                                   ^
conftest.c:97:40: warning: the address of 'g' will always evaluate as 'true' [-Waddress]
  return (!a + !b + !c + !d + !e + !f + !g + !h + !i + !!j + !k + !!l
                                        ^
conftest.c:97:45: warning: the address of 'h' will always evaluate as 'true' [-Waddress]
  return (!a + !b + !c + !d + !e + !f + !g + !h + !i + !!j + !k + !!l
                                             ^
conftest.c:97:50: warning: the address of 'i' will always evaluate as 'true' [-Waddress]
  return (!a + !b + !c + !d + !e + !f + !g + !h + !i + !!j + !k + !!l
                                                  ^
conftest.c:98:10: warning: the address of 'n' will always evaluate as 'true' [-Waddress]
          ^
conftest.c:98:15: warning: the address of 'o' will always evaluate as 'true' [-Waddress]
               ^
conftest.c:98:20: warning: the address of 'p' will always evaluate as 'true' [-Waddress]
                    ^
configure:14004: $? = 0
configure:14019: result: yes
configure:14021: checking for _Bool
configure:14049: mpicc -c -std=c99 -funsigned-char -pedantic -W -Wall -Wshadow -Wpointer-arith -Wcast-qual -Wcast-align -Wwrite-strings -Wstrict-prototypes -Wmissing-prototypes -Wmissing-declarations -Wnested-externs -Wunused -Wfloat-equal    -DNDEBUG conftest.c >&5
conftest.c:60:1: warning: function declaration isn't a prototype [-Wstrict-prototypes]
 main ()
 ^
configure:14056: $? = 0
configure:14083: mpicc -c -std=c99 -funsigned-char -pedantic -W -Wall -Wshadow -Wpointer-arith -Wcast-qual -Wcast-align -Wwrite-strings -Wstrict-prototypes -Wmissing-prototypes -Wmissing-declarations -Wnested-externs -Wunused -Wfloat-equal    -DNDEBUG conftest.c >&5
conftest.c:60:1: warning: function declaration isn't a prototype [-Wstrict-prototypes]
 main ()
 ^
conftest.c: In function 'main':
conftest.c:62:20: error: expected expression before ')' token
 if (sizeof ((_Bool)))
                    ^
configure:14090: $? = 1
configure: failed program was:
| /* confdefs.h.  */
| #define PACKAGE_NAME "ple"
| #define PACKAGE_TARNAME "ple"
| #define PACKAGE_VERSION "1.0.4"
| #define PACKAGE_STRING "ple 1.0.4"
| #define PACKAGE_BUGREPORT "yvan.fournier@edf.fr"
| #define PACKAGE "ple"
| #define VERSION "1.0.4"
| #define STDC_HEADERS 1
| #define HAVE_SYS_TYPES_H 1
| #define HAVE_SYS_STAT_H 1
| #define HAVE_STDLIB_H 1
| #define HAVE_STRING_H 1
| #define HAVE_MEMORY_H 1
| #define HAVE_STRINGS_H 1
| #define HAVE_INTTYPES_H 1
| #define HAVE_STDINT_H 1
| #define HAVE_UNISTD_H 1
| #define HAVE_DLFCN_H 1
| #define LT_OBJDIR ".libs/"
| #define STDC_HEADERS 1
| #define HAVE_SYS_TYPES_H 1
| #define HAVE_STDDEF_H 1
| #define TIME_WITH_SYS_TIME 1
| /* end confdefs.h.  */
| #include <stdio.h>
| #ifdef HAVE_SYS_TYPES_H
| # include <sys/types.h>
| #endif
| #ifdef HAVE_SYS_STAT_H
| # include <sys/stat.h>
| #endif
| #ifdef STDC_HEADERS
| # include <stdlib.h>
| # include <stddef.h>
| #else
| # ifdef HAVE_STDLIB_H
| #  include <stdlib.h>
| # endif
| #endif
| #ifdef HAVE_STRING_H
| # if !defined STDC_HEADERS && defined HAVE_MEMORY_H
| #  include <memory.h>
| # endif
| # include <string.h>
| #endif
| #ifdef HAVE_STRINGS_H
| # include <strings.h>
| #endif
| #ifdef HAVE_INTTYPES_H
| # include <inttypes.h>
| #endif
| #ifdef HAVE_STDINT_H
| # include <stdint.h>
| #endif
| #ifdef HAVE_UNISTD_H
| # include <unistd.h>
| #endif
| int
| main ()
| {
| if (sizeof ((_Bool)))
| 	  return 0;
|   ;
|   return 0;
| }
configure:14113: result: yes
configure:14133: checking for long long
configure:14161: mpicc -c -std=c99 -funsigned-char -pedantic -W -Wall -Wshadow -Wpointer-arith -Wcast-qual -Wcast-align -Wwrite-strings -Wstrict-prototypes -Wmissing-prototypes -Wmissing-declarations -Wnested-externs -Wunused -Wfloat-equal    -DNDEBUG conftest.c >&5
conftest.c:62:1: warning: function declaration isn't a prototype [-Wstrict-prototypes]
 main ()
 ^
configure:14168: $? = 0
configure:14195: mpicc -c -std=c99 -funsigned-char -pedantic -W -Wall -Wshadow -Wpointer-arith -Wcast-qual -Wcast-align -Wwrite-strings -Wstrict-prototypes -Wmissing-prototypes -Wmissing-declarations -Wnested-externs -Wunused -Wfloat-equal    -DNDEBUG conftest.c >&5
conftest.c:62:1: warning: function declaration isn't a prototype [-Wstrict-prototypes]
 main ()
 ^
conftest.c: In function 'main':
conftest.c:64:24: error: expected expression before ')' token
 if (sizeof ((long long)))
                        ^
configure:14202: $? = 1
configure: failed program was:
| /* confdefs.h.  */
| #define PACKAGE_NAME "ple"
| #define PACKAGE_TARNAME "ple"
| #define PACKAGE_VERSION "1.0.4"
| #define PACKAGE_STRING "ple 1.0.4"
| #define PACKAGE_BUGREPORT "yvan.fournier@edf.fr"
| #define PACKAGE "ple"
| #define VERSION "1.0.4"
| #define STDC_HEADERS 1
| #define HAVE_SYS_TYPES_H 1
| #define HAVE_SYS_STAT_H 1
| #define HAVE_STDLIB_H 1
| #define HAVE_STRING_H 1
| #define HAVE_MEMORY_H 1
| #define HAVE_STRINGS_H 1
| #define HAVE_INTTYPES_H 1
| #define HAVE_STDINT_H 1
| #define HAVE_UNISTD_H 1
| #define HAVE_DLFCN_H 1
| #define LT_OBJDIR ".libs/"
| #define STDC_HEADERS 1
| #define HAVE_SYS_TYPES_H 1
| #define HAVE_STDDEF_H 1
| #define TIME_WITH_SYS_TIME 1
| #define HAVE__BOOL 1
| #define HAVE_STDBOOL_H 1
| /* end confdefs.h.  */
| #include <stdio.h>
| #ifdef HAVE_SYS_TYPES_H
| # include <sys/types.h>
| #endif
| #ifdef HAVE_SYS_STAT_H
| # include <sys/stat.h>
| #endif
| #ifdef STDC_HEADERS
| # include <stdlib.h>
| # include <stddef.h>
| #else
| # ifdef HAVE_STDLIB_H
| #  include <stdlib.h>
| # endif
| #endif
| #ifdef HAVE_STRING_H
| # if !defined STDC_HEADERS && defined HAVE_MEMORY_H
| #  include <memory.h>
| # endif
| # include <string.h>
| #endif
| #ifdef HAVE_STRINGS_H
| # include <strings.h>
| #endif
| #ifdef HAVE_INTTYPES_H
| # include <inttypes.h>
| #endif
| #ifdef HAVE_STDINT_H
| # include <stdint.h>
| #endif
| #ifdef HAVE_UNISTD_H
| # include <unistd.h>
| #endif
| int
| main ()
| {
| if (sizeof ((long long)))
| 	  return 0;
|   ;
|   return 0;
| }
configure:14225: result: yes
configure:14235: checking for unsigned long long
configure:14263: mpicc -c -std=c99 -funsigned-char -pedantic -W -Wall -Wshadow -Wpointer-arith -Wcast-qual -Wcast-align -Wwrite-strings -Wstrict-prototypes -Wmissing-prototypes -Wmissing-declarations -Wnested-externs -Wunused -Wfloat-equal    -DNDEBUG conftest.c >&5
conftest.c:63:1: warning: function declaration isn't a prototype [-Wstrict-prototypes]
 main ()
 ^
configure:14270: $? = 0
configure:14297: mpicc -c -std=c99 -funsigned-char -pedantic -W -Wall -Wshadow -Wpointer-arith -Wcast-qual -Wcast-align -Wwrite-strings -Wstrict-prototypes -Wmissing-prototypes -Wmissing-declarations -Wnested-externs -Wunused -Wfloat-equal    -DNDEBUG conftest.c >&5
conftest.c:63:1: warning: function declaration isn't a prototype [-Wstrict-prototypes]
 main ()
 ^
conftest.c: In function 'main':
conftest.c:65:33: error: expected expression before ')' token
 if (sizeof ((unsigned long long)))
                                 ^
configure:14304: $? = 1
configure: failed program was:
| /* confdefs.h.  */
| #define PACKAGE_NAME "ple"
| #define PACKAGE_TARNAME "ple"
| #define PACKAGE_VERSION "1.0.4"
| #define PACKAGE_STRING "ple 1.0.4"
| #define PACKAGE_BUGREPORT "yvan.fournier@edf.fr"
| #define PACKAGE "ple"
| #define VERSION "1.0.4"
| #define STDC_HEADERS 1
| #define HAVE_SYS_TYPES_H 1
| #define HAVE_SYS_STAT_H 1
| #define HAVE_STDLIB_H 1
| #define HAVE_STRING_H 1
| #define HAVE_MEMORY_H 1
| #define HAVE_STRINGS_H 1
| #define HAVE_INTTYPES_H 1
| #define HAVE_STDINT_H 1
| #define HAVE_UNISTD_H 1
| #define HAVE_DLFCN_H 1
| #define LT_OBJDIR ".libs/"
| #define STDC_HEADERS 1
| #define HAVE_SYS_TYPES_H 1
| #define HAVE_STDDEF_H 1
| #define TIME_WITH_SYS_TIME 1
| #define HAVE__BOOL 1
| #define HAVE_STDBOOL_H 1
| #define HAVE_LONG_LONG 1
| /* end confdefs.h.  */
| #include <stdio.h>
| #ifdef HAVE_SYS_TYPES_H
| # include <sys/types.h>
| #endif
| #ifdef HAVE_SYS_STAT_H
| # include <sys/stat.h>
| #endif
| #ifdef STDC_HEADERS
| # include <stdlib.h>
| # include <stddef.h>
| #else
| # ifdef HAVE_STDLIB_H
| #  include <stdlib.h>
| # endif
| #endif
| #ifdef HAVE_STRING_H
| # if !defined STDC_HEADERS && defined HAVE_MEMORY_H
| #  include <memory.h>
| # endif
| # include <string.h>
| #endif
| #ifdef HAVE_STRINGS_H
| # include <strings.h>
| #endif
| #ifdef HAVE_INTTYPES_H
| # include <inttypes.h>
| #endif
| #ifdef HAVE_STDINT_H
| # include <stdint.h>
| #endif
| #ifdef HAVE_UNISTD_H
| # include <unistd.h>
| #endif
| int
| main ()
| {
| if (sizeof ((unsigned long long)))
| 	  return 0;
|   ;
|   return 0;
| }
configure:14327: result: yes
configure:14338: checking for int32_t
configure:14366: mpicc -c -std=c99 -funsigned-char -pedantic -W -Wall -Wshadow -Wpointer-arith -Wcast-qual -Wcast-align -Wwrite-strings -Wstrict-prototypes -Wmissing-prototypes -Wmissing-declarations -Wnested-externs -Wunused -Wfloat-equal    -DNDEBUG conftest.c >&5
conftest.c:64:1: warning: function declaration isn't a prototype [-Wstrict-prototypes]
 main ()
 ^
configure:14373: $? = 0
configure:14400: mpicc -c -std=c99 -funsigned-char -pedantic -W -Wall -Wshadow -Wpointer-arith -Wcast-qual -Wcast-align -Wwrite-strings -Wstrict-prototypes -Wmissing-prototypes -Wmissing-declarations -Wnested-externs -Wunused -Wfloat-equal    -DNDEBUG conftest.c >&5
conftest.c:64:1: warning: function declaration isn't a prototype [-Wstrict-prototypes]
 main ()
 ^
conftest.c: In function 'main':
conftest.c:66:22: error: expected expression before ')' token
 if (sizeof ((int32_t)))
                      ^
configure:14407: $? = 1
configure: failed program was:
| /* confdefs.h.  */
| #define PACKAGE_NAME "ple"
| #define PACKAGE_TARNAME "ple"
| #define PACKAGE_VERSION "1.0.4"
| #define PACKAGE_STRING "ple 1.0.4"
| #define PACKAGE_BUGREPORT "yvan.fournier@edf.fr"
| #define PACKAGE "ple"
| #define VERSION "1.0.4"
| #define STDC_HEADERS 1
| #define HAVE_SYS_TYPES_H 1
| #define HAVE_SYS_STAT_H 1
| #define HAVE_STDLIB_H 1
| #define HAVE_STRING_H 1
| #define HAVE_MEMORY_H 1
| #define HAVE_STRINGS_H 1
| #define HAVE_INTTYPES_H 1
| #define HAVE_STDINT_H 1
| #define HAVE_UNISTD_H 1
| #define HAVE_DLFCN_H 1
| #define LT_OBJDIR ".libs/"
| #define STDC_HEADERS 1
| #define HAVE_SYS_TYPES_H 1
| #define HAVE_STDDEF_H 1
| #define TIME_WITH_SYS_TIME 1
| #define HAVE__BOOL 1
| #define HAVE_STDBOOL_H 1
| #define HAVE_LONG_LONG 1
| #define HAVE_UNSIGNED_LONG_LONG 1
| /* end confdefs.h.  */
| #include <stdio.h>
| #ifdef HAVE_SYS_TYPES_H
| # include <sys/types.h>
| #endif
| #ifdef HAVE_SYS_STAT_H
| # include <sys/stat.h>
| #endif
| #ifdef STDC_HEADERS
| # include <stdlib.h>
| # include <stddef.h>
| #else
| # ifdef HAVE_STDLIB_H
| #  include <stdlib.h>
| # endif
| #endif
| #ifdef HAVE_STRING_H
| # if !defined STDC_HEADERS && defined HAVE_MEMORY_H
| #  include <memory.h>
| # endif
| # include <string.h>
| #endif
| #ifdef HAVE_STRINGS_H
| # include <strings.h>
| #endif
| #ifdef HAVE_INTTYPES_H
| # include <inttypes.h>
| #endif
| #ifdef HAVE_STDINT_H
| # include <stdint.h>
| #endif
| #ifdef HAVE_UNISTD_H
| # include <unistd.h>
| #endif
| int
| main ()
| {
| if (sizeof ((int32_t)))
| 	  return 0;
|   ;
|   return 0;
| }
configure:14430: result: yes
configure:14441: checking for int64_t
configure:14469: mpicc -c -std=c99 -funsigned-char -pedantic -W -Wall -Wshadow -Wpointer-arith -Wcast-qual -Wcast-align -Wwrite-strings -Wstrict-prototypes -Wmissing-prototypes -Wmissing-declarations -Wnested-externs -Wunused -Wfloat-equal    -DNDEBUG conftest.c >&5
conftest.c:65:1: warning: function declaration isn't a prototype [-Wstrict-prototypes]
 main ()
 ^
configure:14476: $? = 0
configure:14503: mpicc -c -std=c99 -funsigned-char -pedantic -W -Wall -Wshadow -Wpointer-arith -Wcast-qual -Wcast-align -Wwrite-strings -Wstrict-prototypes -Wmissing-prototypes -Wmissing-declarations -Wnested-externs -Wunused -Wfloat-equal    -DNDEBUG conftest.c >&5
conftest.c:65:1: warning: function declaration isn't a prototype [-Wstrict-prototypes]
 main ()
 ^
conftest.c: In function 'main':
conftest.c:67:22: error: expected expression before ')' token
 if (sizeof ((int64_t)))
                      ^
configure:14510: $? = 1
configure: failed program was:
| /* confdefs.h.  */
| #define PACKAGE_NAME "ple"
| #define PACKAGE_TARNAME "ple"
| #define PACKAGE_VERSION "1.0.4"
| #define PACKAGE_STRING "ple 1.0.4"
| #define PACKAGE_BUGREPORT "yvan.fournier@edf.fr"
| #define PACKAGE "ple"
| #define VERSION "1.0.4"
| #define STDC_HEADERS 1
| #define HAVE_SYS_TYPES_H 1
| #define HAVE_SYS_STAT_H 1
| #define HAVE_STDLIB_H 1
| #define HAVE_STRING_H 1
| #define HAVE_MEMORY_H 1
| #define HAVE_STRINGS_H 1
| #define HAVE_INTTYPES_H 1
| #define HAVE_STDINT_H 1
| #define HAVE_UNISTD_H 1
| #define HAVE_DLFCN_H 1
| #define LT_OBJDIR ".libs/"
| #define STDC_HEADERS 1
| #define HAVE_SYS_TYPES_H 1
| #define HAVE_STDDEF_H 1
| #define TIME_WITH_SYS_TIME 1
| #define HAVE__BOOL 1
| #define HAVE_STDBOOL_H 1
| #define HAVE_LONG_LONG 1
| #define HAVE_UNSIGNED_LONG_LONG 1
| #define HAVE_INT32_T 1
| /* end confdefs.h.  */
| #include <stdio.h>
| #ifdef HAVE_SYS_TYPES_H
| # include <sys/types.h>
| #endif
| #ifdef HAVE_SYS_STAT_H
| # include <sys/stat.h>
| #endif
| #ifdef STDC_HEADERS
| # include <stdlib.h>
| # include <stddef.h>
| #else
| # ifdef HAVE_STDLIB_H
| #  include <stdlib.h>
| # endif
| #endif
| #ifdef HAVE_STRING_H
| # if !defined STDC_HEADERS && defined HAVE_MEMORY_H
| #  include <memory.h>
| # endif
| # include <string.h>
| #endif
| #ifdef HAVE_STRINGS_H
| # include <strings.h>
| #endif
| #ifdef HAVE_INTTYPES_H
| # include <inttypes.h>
| #endif
| #ifdef HAVE_STDINT_H
| # include <stdint.h>
| #endif
| #ifdef HAVE_UNISTD_H
| # include <unistd.h>
| #endif
| int
| main ()
| {
| if (sizeof ((int64_t)))
| 	  return 0;
|   ;
|   return 0;
| }
configure:14533: result: yes
configure:14544: checking for uint32_t
configure:14572: mpicc -c -std=c99 -funsigned-char -pedantic -W -Wall -Wshadow -Wpointer-arith -Wcast-qual -Wcast-align -Wwrite-strings -Wstrict-prototypes -Wmissing-prototypes -Wmissing-declarations -Wnested-externs -Wunused -Wfloat-equal    -DNDEBUG conftest.c >&5
conftest.c:66:1: warning: function declaration isn't a prototype [-Wstrict-prototypes]
 main ()
 ^
configure:14579: $? = 0
configure:14606: mpicc -c -std=c99 -funsigned-char -pedantic -W -Wall -Wshadow -Wpointer-arith -Wcast-qual -Wcast-align -Wwrite-strings -Wstrict-prototypes -Wmissing-prototypes -Wmissing-declarations -Wnested-externs -Wunused -Wfloat-equal    -DNDEBUG conftest.c >&5
conftest.c:66:1: warning: function declaration isn't a prototype [-Wstrict-prototypes]
 main ()
 ^
conftest.c: In function 'main':
conftest.c:68:23: error: expected expression before ')' token
 if (sizeof ((uint32_t)))
                       ^
configure:14613: $? = 1
configure: failed program was:
| /* confdefs.h.  */
| #define PACKAGE_NAME "ple"
| #define PACKAGE_TARNAME "ple"
| #define PACKAGE_VERSION "1.0.4"
| #define PACKAGE_STRING "ple 1.0.4"
| #define PACKAGE_BUGREPORT "yvan.fournier@edf.fr"
| #define PACKAGE "ple"
| #define VERSION "1.0.4"
| #define STDC_HEADERS 1
| #define HAVE_SYS_TYPES_H 1
| #define HAVE_SYS_STAT_H 1
| #define HAVE_STDLIB_H 1
| #define HAVE_STRING_H 1
| #define HAVE_MEMORY_H 1
| #define HAVE_STRINGS_H 1
| #define HAVE_INTTYPES_H 1
| #define HAVE_STDINT_H 1
| #define HAVE_UNISTD_H 1
| #define HAVE_DLFCN_H 1
| #define LT_OBJDIR ".libs/"
| #define STDC_HEADERS 1
| #define HAVE_SYS_TYPES_H 1
| #define HAVE_STDDEF_H 1
| #define TIME_WITH_SYS_TIME 1
| #define HAVE__BOOL 1
| #define HAVE_STDBOOL_H 1
| #define HAVE_LONG_LONG 1
| #define HAVE_UNSIGNED_LONG_LONG 1
| #define HAVE_INT32_T 1
| #define HAVE_INT64_T 1
| /* end confdefs.h.  */
| #include <stdio.h>
| #ifdef HAVE_SYS_TYPES_H
| # include <sys/types.h>
| #endif
| #ifdef HAVE_SYS_STAT_H
| # include <sys/stat.h>
| #endif
| #ifdef STDC_HEADERS
| # include <stdlib.h>
| # include <stddef.h>
| #else
| # ifdef HAVE_STDLIB_H
| #  include <stdlib.h>
| # endif
| #endif
| #ifdef HAVE_STRING_H
| # if !defined STDC_HEADERS && defined HAVE_MEMORY_H
| #  include <memory.h>
| # endif
| # include <string.h>
| #endif
| #ifdef HAVE_STRINGS_H
| # include <strings.h>
| #endif
| #ifdef HAVE_INTTYPES_H
| # include <inttypes.h>
| #endif
| #ifdef HAVE_STDINT_H
| # include <stdint.h>
| #endif
| #ifdef HAVE_UNISTD_H
| # include <unistd.h>
| #endif
| int
| main ()
| {
| if (sizeof ((uint32_t)))
| 	  return 0;
|   ;
|   return 0;
| }
configure:14636: result: yes
configure:14647: checking for uint64_t
configure:14675: mpicc -c -std=c99 -funsigned-char -pedantic -W -Wall -Wshadow -Wpointer-arith -Wcast-qual -Wcast-align -Wwrite-strings -Wstrict-prototypes -Wmissing-prototypes -Wmissing-declarations -Wnested-externs -Wunused -Wfloat-equal    -DNDEBUG conftest.c >&5
conftest.c:67:1: warning: function declaration isn't a prototype [-Wstrict-prototypes]
 main ()
 ^
configure:14682: $? = 0
configure:14709: mpicc -c -std=c99 -funsigned-char -pedantic -W -Wall -Wshadow -Wpointer-arith -Wcast-qual -Wcast-align -Wwrite-strings -Wstrict-prototypes -Wmissing-prototypes -Wmissing-declarations -Wnested-externs -Wunused -Wfloat-equal    -DNDEBUG conftest.c >&5
conftest.c:67:1: warning: function declaration isn't a prototype [-Wstrict-prototypes]
 main ()
 ^
conftest.c: In function 'main':
conftest.c:69:23: error: expected expression before ')' token
 if (sizeof ((uint64_t)))
                       ^
configure:14716: $? = 1
configure: failed program was:
| /* confdefs.h.  */
| #define PACKAGE_NAME "ple"
| #define PACKAGE_TARNAME "ple"
| #define PACKAGE_VERSION "1.0.4"
| #define PACKAGE_STRING "ple 1.0.4"
| #define PACKAGE_BUGREPORT "yvan.fournier@edf.fr"
| #define PACKAGE "ple"
| #define VERSION "1.0.4"
| #define STDC_HEADERS 1
| #define HAVE_SYS_TYPES_H 1
| #define HAVE_SYS_STAT_H 1
| #define HAVE_STDLIB_H 1
| #define HAVE_STRING_H 1
| #define HAVE_MEMORY_H 1
| #define HAVE_STRINGS_H 1
| #define HAVE_INTTYPES_H 1
| #define HAVE_STDINT_H 1
| #define HAVE_UNISTD_H 1
| #define HAVE_DLFCN_H 1
| #define LT_OBJDIR ".libs/"
| #define STDC_HEADERS 1
| #define HAVE_SYS_TYPES_H 1
| #define HAVE_STDDEF_H 1
| #define TIME_WITH_SYS_TIME 1
| #define HAVE__BOOL 1
| #define HAVE_STDBOOL_H 1
| #define HAVE_LONG_LONG 1
| #define HAVE_UNSIGNED_LONG_LONG 1
| #define HAVE_INT32_T 1
| #define HAVE_INT64_T 1
| #define HAVE_UINT32_T 1
| /* end confdefs.h.  */
| #include <stdio.h>
| #ifdef HAVE_SYS_TYPES_H
| # include <sys/types.h>
| #endif
| #ifdef HAVE_SYS_STAT_H
| # include <sys/stat.h>
| #endif
| #ifdef STDC_HEADERS
| # include <stdlib.h>
| # include <stddef.h>
| #else
| # ifdef HAVE_STDLIB_H
| #  include <stdlib.h>
| # endif
| #endif
| #ifdef HAVE_STRING_H
| # if !defined STDC_HEADERS && defined HAVE_MEMORY_H
| #  include <memory.h>
| # endif
| # include <string.h>
| #endif
| #ifdef HAVE_STRINGS_H
| # include <strings.h>
| #endif
| #ifdef HAVE_INTTYPES_H
| # include <inttypes.h>
| #endif
| #ifdef HAVE_STDINT_H
| # include <stdint.h>
| #endif
| #ifdef HAVE_UNISTD_H
| # include <unistd.h>
| #endif
| int
| main ()
| {
| if (sizeof ((uint64_t)))
| 	  return 0;
|   ;
|   return 0;
| }
configure:14739: result: yes
configure:14750: checking for ptrdiff_t
configure:14778: mpicc -c -std=c99 -funsigned-char -pedantic -W -Wall -Wshadow -Wpointer-arith -Wcast-qual -Wcast-align -Wwrite-strings -Wstrict-prototypes -Wmissing-prototypes -Wmissing-declarations -Wnested-externs -Wunused -Wfloat-equal    -DNDEBUG conftest.c >&5
conftest.c:68:1: warning: function declaration isn't a prototype [-Wstrict-prototypes]
 main ()
 ^
configure:14785: $? = 0
configure:14812: mpicc -c -std=c99 -funsigned-char -pedantic -W -Wall -Wshadow -Wpointer-arith -Wcast-qual -Wcast-align -Wwrite-strings -Wstrict-prototypes -Wmissing-prototypes -Wmissing-declarations -Wnested-externs -Wunused -Wfloat-equal    -DNDEBUG conftest.c >&5
conftest.c:68:1: warning: function declaration isn't a prototype [-Wstrict-prototypes]
 main ()
 ^
conftest.c: In function 'main':
conftest.c:70:24: error: expected expression before ')' token
 if (sizeof ((ptrdiff_t)))
                        ^
configure:14819: $? = 1
configure: failed program was:
| /* confdefs.h.  */
| #define PACKAGE_NAME "ple"
| #define PACKAGE_TARNAME "ple"
| #define PACKAGE_VERSION "1.0.4"
| #define PACKAGE_STRING "ple 1.0.4"
| #define PACKAGE_BUGREPORT "yvan.fournier@edf.fr"
| #define PACKAGE "ple"
| #define VERSION "1.0.4"
| #define STDC_HEADERS 1
| #define HAVE_SYS_TYPES_H 1
| #define HAVE_SYS_STAT_H 1
| #define HAVE_STDLIB_H 1
| #define HAVE_STRING_H 1
| #define HAVE_MEMORY_H 1
| #define HAVE_STRINGS_H 1
| #define HAVE_INTTYPES_H 1
| #define HAVE_STDINT_H 1
| #define HAVE_UNISTD_H 1
| #define HAVE_DLFCN_H 1
| #define LT_OBJDIR ".libs/"
| #define STDC_HEADERS 1
| #define HAVE_SYS_TYPES_H 1
| #define HAVE_STDDEF_H 1
| #define TIME_WITH_SYS_TIME 1
| #define HAVE__BOOL 1
| #define HAVE_STDBOOL_H 1
| #define HAVE_LONG_LONG 1
| #define HAVE_UNSIGNED_LONG_LONG 1
| #define HAVE_INT32_T 1
| #define HAVE_INT64_T 1
| #define HAVE_UINT32_T 1
| #define HAVE_UINT64_T 1
| /* end confdefs.h.  */
| #include <stdio.h>
| #ifdef HAVE_SYS_TYPES_H
| # include <sys/types.h>
| #endif
| #ifdef HAVE_SYS_STAT_H
| # include <sys/stat.h>
| #endif
| #ifdef STDC_HEADERS
| # include <stdlib.h>
| # include <stddef.h>
| #else
| # ifdef HAVE_STDLIB_H
| #  include <stdlib.h>
| # endif
| #endif
| #ifdef HAVE_STRING_H
| # if !defined STDC_HEADERS && defined HAVE_MEMORY_H
| #  include <memory.h>
| # endif
| # include <string.h>
| #endif
| #ifdef HAVE_STRINGS_H
| # include <strings.h>
| #endif
| #ifdef HAVE_INTTYPES_H
| # include <inttypes.h>
| #endif
| #ifdef HAVE_STDINT_H
| # include <stdint.h>
| #endif
| #ifdef HAVE_UNISTD_H
| # include <unistd.h>
| #endif
| int
| main ()
| {
| if (sizeof ((ptrdiff_t)))
| 	  return 0;
|   ;
|   return 0;
| }
configure:14842: result: yes
configure:14882: checking size of void *
configure:15187: mpicc -o conftest -std=c99 -funsigned-char -pedantic -W -Wall -Wshadow -Wpointer-arith -Wcast-qual -Wcast-align -Wwrite-strings -Wstrict-prototypes -Wmissing-prototypes -Wmissing-declarations -Wnested-externs -Wunused -Wfloat-equal    -DNDEBUG   -O conftest.c   -lm >&5
conftest.c:68:17: warning: function declaration isn't a prototype [-Wstrict-prototypes]
 static long int longval () { return (long int) (sizeof (void *)); }
                 ^
conftest.c:69:26: warning: function declaration isn't a prototype [-Wstrict-prototypes]
 static unsigned long int ulongval () { return (long int) (sizeof (void *)); }
                          ^
conftest.c:73:1: warning: function declaration isn't a prototype [-Wstrict-prototypes]
 main ()
 ^
configure:15191: $? = 0
configure:15197: ./conftest
configure:15201: $? = 0
configure:15227: result: 8
configure:15305: checking size of short
configure:15610: mpicc -o conftest -std=c99 -funsigned-char -pedantic -W -Wall -Wshadow -Wpointer-arith -Wcast-qual -Wcast-align -Wwrite-strings -Wstrict-prototypes -Wmissing-prototypes -Wmissing-declarations -Wnested-externs -Wunused -Wfloat-equal    -DNDEBUG   -O conftest.c   -lm >&5
conftest.c:69:17: warning: function declaration isn't a prototype [-Wstrict-prototypes]
 static long int longval () { return (long int) (sizeof (short)); }
                 ^
conftest.c:70:26: warning: function declaration isn't a prototype [-Wstrict-prototypes]
 static unsigned long int ulongval () { return (long int) (sizeof (short)); }
                          ^
conftest.c:74:1: warning: function declaration isn't a prototype [-Wstrict-prototypes]
 main ()
 ^
configure:15614: $? = 0
configure:15620: ./conftest
configure:15624: $? = 0
configure:15650: result: 2
configure:15728: checking size of int
configure:16033: mpicc -o conftest -std=c99 -funsigned-char -pedantic -W -Wall -Wshadow -Wpointer-arith -Wcast-qual -Wcast-align -Wwrite-strings -Wstrict-prototypes -Wmissing-prototypes -Wmissing-declarations -Wnested-externs -Wunused -Wfloat-equal    -DNDEBUG   -O conftest.c   -lm >&5
conftest.c:70:17: warning: function declaration isn't a prototype [-Wstrict-prototypes]
 static long int longval () { return (long int) (sizeof (int)); }
                 ^
conftest.c:71:26: warning: function declaration isn't a prototype [-Wstrict-prototypes]
 static unsigned long int ulongval () { return (long int) (sizeof (int)); }
                          ^
conftest.c:75:1: warning: function declaration isn't a prototype [-Wstrict-prototypes]
 main ()
 ^
configure:16037: $? = 0
configure:16043: ./conftest
configure:16047: $? = 0
configure:16073: result: 4
configure:16151: checking size of long
configure:16456: mpicc -o conftest -std=c99 -funsigned-char -pedantic -W -Wall -Wshadow -Wpointer-arith -Wcast-qual -Wcast-align -Wwrite-strings -Wstrict-prototypes -Wmissing-prototypes -Wmissing-declarations -Wnested-externs -Wunused -Wfloat-equal    -DNDEBUG   -O conftest.c   -lm >&5
conftest.c:71:17: warning: function declaration isn't a prototype [-Wstrict-prototypes]
 static long int longval () { return (long int) (sizeof (long)); }
                 ^
conftest.c:72:26: warning: function declaration isn't a prototype [-Wstrict-prototypes]
 static unsigned long int ulongval () { return (long int) (sizeof (long)); }
                          ^
conftest.c:76:1: warning: function declaration isn't a prototype [-Wstrict-prototypes]
 main ()
 ^
configure:16460: $? = 0
configure:16466: ./conftest
configure:16470: $? = 0
configure:16496: result: 8
configure:16574: checking size of long long
configure:16879: mpicc -o conftest -std=c99 -funsigned-char -pedantic -W -Wall -Wshadow -Wpointer-arith -Wcast-qual -Wcast-align -Wwrite-strings -Wstrict-prototypes -Wmissing-prototypes -Wmissing-declarations -Wnested-externs -Wunused -Wfloat-equal    -DNDEBUG   -O conftest.c   -lm >&5
conftest.c:72:17: warning: function declaration isn't a prototype [-Wstrict-prototypes]
 static long int longval () { return (long int) (sizeof (long long)); }
                 ^
conftest.c:73:26: warning: function declaration isn't a prototype [-Wstrict-prototypes]
 static unsigned long int ulongval () { return (long int) (sizeof (long long)); }
                          ^
conftest.c:77:1: warning: function declaration isn't a prototype [-Wstrict-prototypes]
 main ()
 ^
configure:16883: $? = 0
configure:16889: ./conftest
configure:16893: $? = 0
configure:16919: result: 8
configure:16997: checking size of float
configure:17302: mpicc -o conftest -std=c99 -funsigned-char -pedantic -W -Wall -Wshadow -Wpointer-arith -Wcast-qual -Wcast-align -Wwrite-strings -Wstrict-prototypes -Wmissing-prototypes -Wmissing-declarations -Wnested-externs -Wunused -Wfloat-equal    -DNDEBUG   -O conftest.c   -lm >&5
conftest.c:73:17: warning: function declaration isn't a prototype [-Wstrict-prototypes]
 static long int longval () { return (long int) (sizeof (float)); }
                 ^
conftest.c:74:26: warning: function declaration isn't a prototype [-Wstrict-prototypes]
 static unsigned long int ulongval () { return (long int) (sizeof (float)); }
                          ^
conftest.c:78:1: warning: function declaration isn't a prototype [-Wstrict-prototypes]
 main ()
 ^
configure:17306: $? = 0
configure:17312: ./conftest
configure:17316: $? = 0
configure:17342: result: 4
configure:17420: checking size of double
configure:17725: mpicc -o conftest -std=c99 -funsigned-char -pedantic -W -Wall -Wshadow -Wpointer-arith -Wcast-qual -Wcast-align -Wwrite-strings -Wstrict-prototypes -Wmissing-prototypes -Wmissing-declarations -Wnested-externs -Wunused -Wfloat-equal    -DNDEBUG   -O conftest.c   -lm >&5
conftest.c:74:17: warning: function declaration isn't a prototype [-Wstrict-prototypes]
 static long int longval () { return (long int) (sizeof (double)); }
                 ^
conftest.c:75:26: warning: function declaration isn't a prototype [-Wstrict-prototypes]
 static unsigned long int ulongval () { return (long int) (sizeof (double)); }
                          ^
conftest.c:79:1: warning: function declaration isn't a prototype [-Wstrict-prototypes]
 main ()
 ^
configure:17729: $? = 0
configure:17735: ./conftest
configure:17739: $? = 0
configure:17765: result: 8
configure:17825: checking for snprintf
configure:17881: mpicc -o conftest -std=c99 -funsigned-char -pedantic -W -Wall -Wshadow -Wpointer-arith -Wcast-qual -Wcast-align -Wwrite-strings -Wstrict-prototypes -Wmissing-prototypes -Wmissing-declarations -Wnested-externs -Wunused -Wfloat-equal    -DNDEBUG   -O conftest.c   -lm >&5
conftest.c:65:1: warning: function declaration isn't a prototype [-Wstrict-prototypes]
 char snprintf ();
 ^
conftest.c:65:6: warning: conflicting types for built-in function 'snprintf'
 char snprintf ();
      ^
conftest.c:74:1: warning: function declaration isn't a prototype [-Wstrict-prototypes]
 main ()
 ^
configure:17888: $? = 0
configure:17910: result: yes
configure:17825: checking for gettimeofday
configure:17881: mpicc -o conftest -std=c99 -funsigned-char -pedantic -W -Wall -Wshadow -Wpointer-arith -Wcast-qual -Wcast-align -Wwrite-strings -Wstrict-prototypes -Wmissing-prototypes -Wmissing-declarations -Wnested-externs -Wunused -Wfloat-equal    -DNDEBUG   -O conftest.c   -lm >&5
conftest.c:66:1: warning: function declaration isn't a prototype [-Wstrict-prototypes]
 char gettimeofday ();
 ^
conftest.c:75:1: warning: function declaration isn't a prototype [-Wstrict-prototypes]
 main ()
 ^
configure:17888: $? = 0
configure:17910: result: yes
configure:18007: checking for MPI (MPI compiler wrapper test)
configure:18033: mpicc -o conftest -std=c99 -funsigned-char -pedantic -W -Wall -Wshadow -Wpointer-arith -Wcast-qual -Wcast-align -Wwrite-strings -Wstrict-prototypes -Wmissing-prototypes -Wmissing-declarations -Wnested-externs -Wunused -Wfloat-equal    -DNDEBUG    -O  conftest.c    -lm >&5
conftest.c:46:1: warning: function declaration isn't a prototype [-Wstrict-prototypes]
 main ()
 ^
configure:18040: $? = 0
configure:18065: result: yes
configure:19247: initializing ple-config
configure:19526: closing ple-config
configure:19555: closing ple_config.h
configure:19560: ple_config.h  is unchanged
configure:19669: checking that generated files are newer than configure
configure:19675: result: done
configure:19739: creating ./config.status

## ---------------------- ##
## Running config.status. ##
## ---------------------- ##

This file was extended by ple config.status 1.0.4, which was
generated by GNU Autoconf 2.63.  Invocation command line was

  CONFIG_FILES    = 
  CONFIG_HEADERS  = 
  CONFIG_LINKS    = 
  CONFIG_COMMANDS = 
  $ ./config.status 

on login1

config.status:1056: creating Makefile
config.status:1056: creating src/Makefile
config.status:1056: creating tests/Makefile
config.status:1056: creating doc/Makefile
config.status:1056: creating doc/doxygen/Makefile
config.status:1056: creating ple_config_priv.h
config.status:1278: ple_config_priv.h is unchanged
config.status:1330: executing depfiles commands
config.status:1330: executing libtool commands

## ---------------- ##
## Cache variables. ##
## ---------------- ##

ac_cv_build=x86_64-unknown-linux-gnu
ac_cv_c_compiler_gnu=yes
ac_cv_c_const=yes
ac_cv_c_inline=inline
ac_cv_env_CC_set=set
ac_cv_env_CC_value=mpicc
ac_cv_env_CFLAGS_set=set
ac_cv_env_CFLAGS_value=
ac_cv_env_CPPFLAGS_set=
ac_cv_env_CPPFLAGS_value=
ac_cv_env_CPP_set=
ac_cv_env_CPP_value=
ac_cv_env_LDFLAGS_set=
ac_cv_env_LDFLAGS_value=
ac_cv_env_LIBS_set=
ac_cv_env_LIBS_value=
ac_cv_env_build_alias_set=
ac_cv_env_build_alias_value=
ac_cv_env_host_alias_set=
ac_cv_env_host_alias_value=
ac_cv_env_target_alias_set=
ac_cv_env_target_alias_value=
ac_cv_func_gettimeofday=yes
ac_cv_func_snprintf=yes
ac_cv_header_dlfcn_h=yes
ac_cv_header_inttypes_h=yes
ac_cv_header_memory_h=yes
ac_cv_header_stdbool_h=yes
ac_cv_header_stdc=yes
ac_cv_header_stddef_h=yes
ac_cv_header_stdint_h=yes
ac_cv_header_stdlib_h=yes
ac_cv_header_string_h=yes
ac_cv_header_strings_h=yes
ac_cv_header_sys_stat_h=yes
ac_cv_header_sys_types_h=yes
ac_cv_header_time=yes
ac_cv_header_unistd_h=yes
ac_cv_host=x86_64-unknown-linux-gnu
ac_cv_objext=o
ac_cv_path_EGREP='/usr/bin/grep -E'
ac_cv_path_FGREP='/usr/bin/grep -F'
ac_cv_path_GREP=/usr/bin/grep
ac_cv_path_SED=/usr/bin/sed
ac_cv_path_install='/usr/bin/install -c'
ac_cv_path_mkdir=/usr/bin/mkdir
ac_cv_prog_AWK=gawk
ac_cv_prog_CPP='mpicc -E'
ac_cv_prog_ac_ct_AR=ar
ac_cv_prog_ac_ct_CC=mpicc
ac_cv_prog_ac_ct_MANIFEST_TOOL=mt
ac_cv_prog_ac_ct_OBJDUMP=objdump
ac_cv_prog_ac_ct_RANLIB=ranlib
ac_cv_prog_ac_ct_STRIP=strip
ac_cv_prog_cc_c89=
ac_cv_prog_cc_g=yes
ac_cv_prog_cc_mpicc_c_o=yes
ac_cv_prog_make_make_set=yes
ac_cv_sizeof_double=8
ac_cv_sizeof_float=4
ac_cv_sizeof_int=4
ac_cv_sizeof_long=8
ac_cv_sizeof_long_long=8
ac_cv_sizeof_short=2
ac_cv_sizeof_void_p=8
ac_cv_target=x86_64-unknown-linux-gnu
ac_cv_type__Bool=yes
ac_cv_type_int32_t=yes
ac_cv_type_int64_t=yes
ac_cv_type_long_long=yes
ac_cv_type_pid_t=yes
ac_cv_type_ptrdiff_t=yes
ac_cv_type_size_t=yes
ac_cv_type_uint32_t=yes
ac_cv_type_uint64_t=yes
ac_cv_type_unsigned_long_long=yes
am_cv_CC_dependencies_compiler_type=gcc3
am_cv_ar_interface=ar
am_cv_make_support_nested_variables=yes
lt_cv_ar_at_file=@
lt_cv_archive_cmds_need_lc=no
lt_cv_deplibs_check_method=pass_all
lt_cv_file_magic_cmd='$MAGIC_CMD'
lt_cv_file_magic_test_file=
lt_cv_ld_reload_flag=-r
lt_cv_nm_interface='BSD nm'
lt_cv_objdir=.libs
lt_cv_path_LD=/usr/bin/ld
lt_cv_path_NM='/usr/bin/nm -B'
lt_cv_path_mainfest_tool=no
lt_cv_prog_compiler_c_o=yes
lt_cv_prog_compiler_pic='-fPIC -DPIC'
lt_cv_prog_compiler_pic_works=yes
lt_cv_prog_compiler_rtti_exceptions=no
lt_cv_prog_compiler_static_works=no
lt_cv_prog_gnu_ld=yes
lt_cv_sharedlib_from_linklib_cmd='printf %s\n'
lt_cv_shlibpath_overrides_runpath=yes
lt_cv_sys_global_symbol_pipe='sed -n -e '\''s/^.*[	 ]\([ABCDGIRSTW][ABCDGIRSTW]*\)[	 ][	 ]*\([_A-Za-z][_A-Za-z0-9]*\)$/\1 \2 \2/p'\'' | sed '\''/ __gnu_lto/d'\'''
lt_cv_sys_global_symbol_to_c_name_address='sed -n -e '\''s/^: \([^ ]*\)[ ]*$/  {\"\1\", (void *) 0},/p'\'' -e '\''s/^[ABCDGIRSTW]* \([^ ]*\) \([^ ]*\)$/  {"\2", (void *) \&\2},/p'\'''
lt_cv_sys_global_symbol_to_c_name_address_lib_prefix='sed -n -e '\''s/^: \([^ ]*\)[ ]*$/  {\"\1\", (void *) 0},/p'\'' -e '\''s/^[ABCDGIRSTW]* \([^ ]*\) \(lib[^ ]*\)$/  {"\2", (void *) \&\2},/p'\'' -e '\''s/^[ABCDGIRSTW]* \([^ ]*\) \([^ ]*\)$/  {"lib\2", (void *) \&\2},/p'\'''
lt_cv_sys_global_symbol_to_cdecl='sed -n -e '\''s/^T .* \(.*\)$/extern int \1();/p'\'' -e '\''s/^[ABCDGIRSTW]* .* \(.*\)$/extern char \1;/p'\'''
lt_cv_sys_max_cmd_len=3458764513820540925
lt_cv_to_host_file_cmd=func_convert_file_noop
lt_cv_to_tool_file_cmd=func_convert_file_noop

## ----------------- ##
## Output variables. ##
## ----------------- ##

ACLOCAL='${SHELL} /gpfs/scratch/bsc21/bsc21704/z2017_2/REPOSITORY/ALYAs/ALYA_2017SEP18_MN/Thirdparties/PLEPP/LIBPLE/build-aux/missing --run aclocal-1.12'
AMDEPBACKSLASH='\'
AMDEP_FALSE='#'
AMDEP_TRUE=''
AMTAR='$${TAR-tar}'
AM_BACKSLASH='\'
AM_DEFAULT_V='$(AM_DEFAULT_VERBOSITY)'
AM_DEFAULT_VERBOSITY='1'
AM_V='$(V)'
AR='ar'
AS='as'
AUTOCONF='${SHELL} /gpfs/scratch/bsc21/bsc21704/z2017_2/REPOSITORY/ALYAs/ALYA_2017SEP18_MN/Thirdparties/PLEPP/LIBPLE/build-aux/missing --run autoconf'
AUTOHEADER='${SHELL} /gpfs/scratch/bsc21/bsc21704/z2017_2/REPOSITORY/ALYAs/ALYA_2017SEP18_MN/Thirdparties/PLEPP/LIBPLE/build-aux/missing --run autoheader'
AUTOMAKE='${SHELL} /gpfs/scratch/bsc21/bsc21704/z2017_2/REPOSITORY/ALYAs/ALYA_2017SEP18_MN/Thirdparties/PLEPP/LIBPLE/build-aux/missing --run automake-1.12'
AWK='gawk'
CC='mpicc'
CCDEPMODE='depmode=gcc3'
CFLAGS='-std=c99 -funsigned-char -pedantic -W -Wall -Wshadow -Wpointer-arith -Wcast-qual -Wcast-align -Wwrite-strings -Wstrict-prototypes -Wmissing-prototypes -Wmissing-declarations -Wnested-externs -Wunused -Wfloat-equal '
CFLAGS_DBG=''
CFLAGS_OPT='-funroll-loops -O2 -Wuninitialized -fexcess-precision=fast'
CPP='mpicc -E'
CPPFLAGS='  -DNDEBUG'
CYGPATH_W='echo'
DEFS='-DHAVE_CONFIG_H'
DEPDIR='.deps'
DLLTOOL='false'
DSYMUTIL=''
DUMPBIN=''
ECHO_C=''
ECHO_N='-n'
ECHO_T=''
EGREP='/usr/bin/grep -E'
EXEEXT=''
FGREP='/usr/bin/grep -F'
GREP='/usr/bin/grep'
HAVE_MPI_FALSE='#'
HAVE_MPI_ONE_SIDED_FALSE=''
HAVE_MPI_ONE_SIDED_TRUE='#'
HAVE_MPI_TRUE=''
HAVE_RELOCATABLE_FALSE=''
HAVE_RELOCATABLE_TRUE='#'
INSTALL_DATA='${INSTALL} -m 644'
INSTALL_PROGRAM='${INSTALL}'
INSTALL_SCRIPT='${INSTALL}'
INSTALL_STRIP_PROGRAM='$(install_sh) -c -s'
LD='/usr/bin/ld -m elf_x86_64'
LDFLAGS='  -O'
LDRPATH=''
LIBOBJS=''
LIBS='  -lm'
LIBTOOL='$(SHELL) $(top_builddir)/libtool'
LIPO=''
LN_S='ln -s'
LTLIBOBJS=''
MAINT='#'
MAINTAINER_MODE_FALSE=''
MAINTAINER_MODE_TRUE='#'
MAKEINFO='${SHELL} /gpfs/scratch/bsc21/bsc21704/z2017_2/REPOSITORY/ALYAs/ALYA_2017SEP18_MN/Thirdparties/PLEPP/LIBPLE/build-aux/missing --run makeinfo'
MANIFEST_TOOL=':'
MKDIR_P='/usr/bin/mkdir -p'
MPI_CPPFLAGS=''
MPI_LDFLAGS=''
MPI_LIBS=''
NM='/usr/bin/nm -B'
NMEDIT=''
OBJDUMP='objdump'
OBJEXT='o'
OTOOL64=''
OTOOL=''
PACKAGE='ple'
PACKAGE_BUGREPORT='yvan.fournier@edf.fr'
PACKAGE_NAME='ple'
PACKAGE_STRING='ple 1.0.4'
PACKAGE_TARNAME='ple'
PACKAGE_VERSION='1.0.4'
PATH_SEPARATOR=':'
RANLIB='ranlib'
SED='/usr/bin/sed'
SET_MAKE=''
SHELL='/bin/sh'
STRIP='strip'
VERSION='1.0.4'
ac_ct_AR='ar'
ac_ct_CC='mpicc'
ac_ct_DUMPBIN=''
am__EXEEXT_FALSE=''
am__EXEEXT_TRUE='#'
am__fastdepCC_FALSE='#'
am__fastdepCC_TRUE=''
am__include='include'
am__isrc=''
am__leading_dot='.'
am__nodep='_no'
am__quote=''
am__tar='$${TAR-tar} chof - "$$tardir"'
am__untar='$${TAR-tar} xf -'
bindir='${exec_prefix}/bin'
build='x86_64-unknown-linux-gnu'
build_alias=''
build_cpu='x86_64'
build_os='linux-gnu'
build_vendor='unknown'
datadir='${datarootdir}'
datarootdir='${prefix}/share'
debug='no'
docdir='${datarootdir}/doc/${PACKAGE_TARNAME}'
dvidir='${docdir}'
enable_shared='yes'
enable_static_libs=''
exec_prefix='${prefix}'
host='x86_64-unknown-linux-gnu'
host_alias=''
host_cpu='x86_64'
host_os='linux-gnu'
host_vendor='unknown'
htmldir='${docdir}'
includedir='${prefix}/include'
infodir='${datarootdir}/info'
install_sh='${SHELL} /gpfs/scratch/bsc21/bsc21704/z2017_2/REPOSITORY/ALYAs/ALYA_2017SEP18_MN/Thirdparties/PLEPP/LIBPLE/build-aux/install-sh'
libdir='${exec_prefix}/lib'
libexecdir='${exec_prefix}/libexec'
localedir='${datarootdir}/locale'
localstatedir='${prefix}/var'
mandir='${datarootdir}/man'
mkdir_p='$(MKDIR_P)'
oldincludedir='/usr/include'
pdfdir='${docdir}'
prefix='/gpfs/scratch/bsc21/bsc21704/z2017_2/REPOSITORY/ALYAs/ALYA_2017SEP18_MN/Thirdparties/PLEPP/LIBPLE/Execs'
program_transform_name='s,x,x,'
psdir='${docdir}'
sbindir='${exec_prefix}/sbin'
sharedstatedir='${prefix}/com'
sysconfdir='${prefix}/etc'
target='x86_64-unknown-linux-gnu'
target_alias=''
target_cpu='x86_64'
target_os='linux-gnu'
target_vendor='unknown'

## ----------- ##
## confdefs.h. ##
## ----------- ##

#define PACKAGE_NAME "ple"
#define PACKAGE_TARNAME "ple"
#define PACKAGE_VERSION "1.0.4"
#define PACKAGE_STRING "ple 1.0.4"
#define PACKAGE_BUGREPORT "yvan.fournier@edf.fr"
#define PACKAGE "ple"
#define VERSION "1.0.4"
#define STDC_HEADERS 1
#define HAVE_SYS_TYPES_H 1
#define HAVE_SYS_STAT_H 1
#define HAVE_STDLIB_H 1
#define HAVE_STRING_H 1
#define HAVE_MEMORY_H 1
#define HAVE_STRINGS_H 1
#define HAVE_INTTYPES_H 1
#define HAVE_STDINT_H 1
#define HAVE_UNISTD_H 1
#define HAVE_DLFCN_H 1
#define LT_OBJDIR ".libs/"
#define STDC_HEADERS 1
#define HAVE_SYS_TYPES_H 1
#define HAVE_STDDEF_H 1
#define TIME_WITH_SYS_TIME 1
#define HAVE__BOOL 1
#define HAVE_STDBOOL_H 1
#define HAVE_LONG_LONG 1
#define HAVE_UNSIGNED_LONG_LONG 1
#define HAVE_INT32_T 1
#define HAVE_INT64_T 1
#define HAVE_UINT32_T 1
#define HAVE_UINT64_T 1
#define HAVE_PTRDIFF_T 1
#define SIZEOF_VOID_P 8
#define SIZEOF_SHORT 2
#define SIZEOF_INT 4
#define SIZEOF_LONG 8
#define SIZEOF_LONG_LONG 8
#define SIZEOF_FLOAT 4
#define SIZEOF_DOUBLE 8
#define HAVE_SNPRINTF 1
#define HAVE_GETTIMEOFDAY 1
#define HAVE_MPI 1

configure: exit 0
